\BOOKMARK [1][-]{section.1}{Introduction}{}% 1
\BOOKMARK [2][-]{subsection.1.1}{Company Overview}{section.1}% 2
\BOOKMARK [2][-]{subsection.1.2}{Object of the mission : the SoMoS II application}{section.1}% 3
\BOOKMARK [1][-]{section.2}{Dividing an application in services connected by a bus}{}% 4
\BOOKMARK [2][-]{subsection.2.1}{A global architecture issue more than a problem with the particular application}{section.2}% 5
\BOOKMARK [2][-]{subsection.2.2}{Enterprise Application Integration}{section.2}% 6
\BOOKMARK [3][-]{subsubsection.2.2.1}{The state of the art : Two main trends in EAI}{subsection.2.2}% 7
\BOOKMARK [3][-]{subsubsection.2.2.2}{Choosing a model}{subsection.2.2}% 8
\BOOKMARK [2][-]{subsection.2.3}{Choosing a product}{section.2}% 9
\BOOKMARK [1][-]{section.3}{Methodology}{}% 10
\BOOKMARK [2][-]{subsection.3.1}{Global architecture of the solution}{section.3}% 11
\BOOKMARK [2][-]{subsection.3.2}{Detailed implementation}{section.3}% 12
\BOOKMARK [1][-]{section.4}{Testing the system and visualizing the results}{}% 13
\BOOKMARK [2][-]{subsection.4.1}{A first simple application to learn how WSO2 EI works}{section.4}% 14
\BOOKMARK [2][-]{subsection.4.2}{Trying to test the project solution attempt}{section.4}% 15
\BOOKMARK [1][-]{section.5}{Personal Record}{}% 16
\BOOKMARK [2][-]{subsection.5.1}{First professional experience}{section.5}% 17
\BOOKMARK [2][-]{subsection.5.2}{Working with new tools}{section.5}% 18
\BOOKMARK [2][-]{subsection.5.3}{Supervising a student}{section.5}% 19
\BOOKMARK [1][-]{section.6}{Conclusion}{}% 20
\BOOKMARK [1][-]{section.7}{The Wiki I wrote on using WSO2 EI}{}% 21
